<?xml version="1.0" encoding="UTF-8"?>
<testng-results ignored="0" total="1" passed="1" failed="0" skipped="0">
  <reporter-output>
  </reporter-output>
  <suite started-at="2025-12-25T00:53:44 IST" name="Default suite" finished-at="2025-12-25T00:53:48 IST" duration-ms="4840">
    <groups>
    </groups>
    <test started-at="2025-12-25T00:53:44 IST" name="Default test" finished-at="2025-12-25T00:53:48 IST" duration-ms="4840">
      <class name="DemoTest.TestNGWizardDemo">
        <test-method signature="f()[pri:0, instance:DemoTest.TestNGWizardDemo@206a70ef]" started-at="2025-12-25T00:53:44 IST" name="f" finished-at="2025-12-25T00:53:48 IST" duration-ms="4779" status="PASS">
          <reporter-output>
          </reporter-output>
        </test-method> <!-- f -->
      </class> <!-- DemoTest.TestNGWizardDemo -->
    </test> <!-- Default test -->
  </suite> <!-- Default suite -->
</testng-results>
